
2024-03-16 16:54:48,101 - INFO - Staging data...
2024-03-16 16:55:00,277 - INFO - Staging data completed.
2024-03-16 16:55:00,283 - INFO - Transforming data...
2024-03-16 16:55:03,684 - INFO - Transforming data completed.
2024-03-16 16:55:03,702 - INFO - Loading data...
2024-03-16 16:55:19,347 - INFO - Loading data completed.
2024-03-16 16:55:19,348 - INFO - ETL Pipeline completed successfully.
2024-03-16 23:50:06,492 - ERROR - An error occurred while reading the config file: [Errno 2] No such file or directory: 'config.yml'
2024-03-16 23:50:06,493 - ERROR - An error occurred while connecting to the database: 'NoneType' object is not subscriptable
2024-03-16 23:50:06,493 - ERROR - An error occurred: 'NoneType' object is not subscriptable
2024-03-16 23:51:51,160 - ERROR - An error occurred while reading the config file: [Errno 2] No such file or directory: 'config.yml'
2024-03-16 23:51:51,160 - ERROR - An error occurred while connecting to the database: 'NoneType' object is not subscriptable
2024-03-16 23:51:51,164 - ERROR - An error occurred: 'NoneType' object is not subscriptable
2024-03-16 23:52:09,637 - ERROR - An error occurred while reading the config file: [Errno 2] No such file or directory: 'config.yml'
2024-03-16 23:52:09,637 - ERROR - An error occurred while connecting to the database: 'NoneType' object is not subscriptable
2024-03-16 23:52:09,643 - ERROR - An error occurred: 'NoneType' object is not subscriptable
2024-03-16 23:52:52,187 - ERROR - An error occurred while reading the config file: [Errno 2] No such file or directory: 'config.yaml'
2024-03-16 23:52:52,187 - ERROR - An error occurred while connecting to the database: 'NoneType' object is not subscriptable
2024-03-16 23:52:52,190 - ERROR - An error occurred: 'NoneType' object is not subscriptable
2024-03-16 23:53:39,642 - ERROR - An error occurred while reading the config file: [Errno 2] No such file or directory: 'config.yaml'
2024-03-16 23:53:39,642 - ERROR - An error occurred while connecting to the database: 'NoneType' object is not subscriptable
2024-03-16 23:53:39,642 - ERROR - An error occurred: 'NoneType' object is not subscriptable
2024-03-16 23:54:16,326 - ERROR - An error occurred while reading the config file: [Errno 2] No such file or directory: 'config.yml'
2024-03-16 23:54:16,326 - ERROR - An error occurred while connecting to the database: 'NoneType' object is not subscriptable
2024-03-16 23:54:16,326 - ERROR - An error occurred: 'NoneType' object is not subscriptable
2024-03-16 23:55:12,728 - ERROR - An error occurred while reading the config file: [Errno 2] No such file or directory: 'config.yml'
2024-03-16 23:55:12,732 - ERROR - An error occurred while connecting to the database: 'NoneType' object is not subscriptable
2024-03-16 23:55:12,732 - ERROR - An error occurred: 'NoneType' object is not subscriptable
2024-03-16 23:55:44,709 - INFO - Extracting data...
2024-03-16 23:58:03,308 - INFO - Staging data...
2024-03-16 23:58:14,770 - INFO - Staging data completed.
2024-03-16 23:58:14,770 - INFO - Transforming data...
2024-03-16 23:58:17,977 - INFO - Transforming data completed.
2024-03-16 23:58:17,993 - INFO - Loading data...
2024-03-16 23:58:34,120 - INFO - Loading data completed.
2024-03-16 23:58:34,120 - INFO - ETL Pipeline completed successfully.
2024-03-17 00:00:14,715 - INFO - Staging data...
2024-03-17 00:00:25,386 - INFO - Staging data completed.
2024-03-17 00:00:25,387 - INFO - Transforming data...
2024-03-17 00:00:28,611 - INFO - Transforming data completed.
2024-03-17 00:00:28,627 - INFO - Loading data...
2024-03-17 00:00:41,365 - INFO - Loading data completed.
2024-03-17 00:00:41,365 - INFO - ETL Pipeline completed successfully.
2024-03-17 11:43:51,774 - INFO - Staging data...
2024-03-17 11:44:00,768 - INFO - Staging data completed.
2024-03-17 11:44:00,769 - INFO - Transforming data...
2024-03-17 11:44:04,321 - INFO - Transforming data completed.
2024-03-17 11:44:04,339 - INFO - Loading data...
2024-03-17 11:44:16,655 - INFO - Loading data completed.
2024-03-17 11:44:16,655 - INFO - ETL Pipeline completed successfully.
2024-03-17 12:00:45,968 - INFO - Staging data...
2024-03-17 12:00:57,911 - INFO - Staging data completed.
2024-03-17 12:00:57,916 - INFO - Transforming data...
2024-03-17 12:01:01,265 - INFO - Transforming data completed.
2024-03-17 12:01:01,282 - INFO - Loading data...
2024-03-17 12:01:15,149 - INFO - Loading data completed.
2024-03-17 12:01:15,150 - INFO - ETL Pipeline completed successfully.
2024-03-17 12:07:31,765 - INFO - Staging data...
2024-03-17 12:07:42,856 - INFO - Staging data completed.
2024-03-17 12:07:42,857 - INFO - Transforming data...
2024-03-17 12:07:46,186 - INFO - Transforming data completed.
2024-03-17 12:07:46,204 - INFO - Loading data...
2024-03-17 12:07:59,199 - INFO - Loading data completed.
2024-03-17 12:07:59,199 - INFO - ETL Pipeline completed successfully.
2024-03-17 12:14:23,150 - INFO - Staging data...
2024-03-17 12:14:36,220 - INFO - Staging data completed.
2024-03-17 12:14:36,222 - INFO - Transforming data...
2024-03-17 12:14:39,579 - INFO - Transforming data completed.
2024-03-17 12:14:39,597 - INFO - Loading data...
2024-03-17 12:14:53,114 - INFO - Loading data completed.
2024-03-17 12:14:53,115 - INFO - ETL Pipeline completed successfully.
2024-03-17 12:31:49,395 - INFO - Staging data...
2024-03-17 12:32:01,491 - INFO - Staging data completed.
2024-03-17 12:32:01,494 - INFO - Transforming data...
2024-03-17 12:32:04,894 - INFO - Transforming data completed.
2024-03-17 12:32:04,921 - INFO - Loading data...
2024-03-17 12:32:20,425 - INFO - Loading data completed.
2024-03-17 12:32:20,426 - INFO - ETL Pipeline completed successfully.
2024-03-17 12:43:22,868 - INFO - Staging data...
2024-03-17 12:43:34,946 - INFO - Staging data completed.
2024-03-17 12:43:34,956 - INFO - Transforming data...
2024-03-17 12:43:38,438 - INFO - Transforming data completed.
2024-03-17 12:43:38,457 - INFO - Loading data...
2024-03-17 12:43:56,119 - INFO - Loading data completed.
2024-03-17 12:43:56,119 - INFO - ETL Pipeline completed successfully.
